<?xml version="1.0" encoding="UTF-8"?>
<!-- Generated by org.testng.reporters.JUnitXMLReporter -->
<testsuite hostname="41786VU" name="Command line test" tests="7" failures="0" timestamp="8 Mar 2016 19:46:06 GMT" time="3.79" errors="0">
  <testcase name="getEntityManager" time="2.35" classname="com.redhat.osas.jpa.util.JPASessionUtilTest"/>
  <testcase name="getSession" time="0.001" classname="com.redhat.osas.jpa.util.JPASessionUtilTest"/>
  <testcase name="nonexistentEntityManagerName" time="0.06" classname="com.redhat.osas.jpa.util.JPASessionUtilTest"/>
  <testcase name="nonexistentSessionName" time="0.031" classname="com.redhat.osas.jpa.util.JPASessionUtilTest"/>
  <testcase name="testEntityManager" time="0.51" classname="com.redhat.osas.jpa.util.JPASessionUtilTest"/>
  <testcase name="testSession" time="0.026" classname="com.redhat.osas.jpa.util.JPASessionUtilTest"/>
  <testcase name="testSessionFactory" time="0.767" classname="com.redhat.osas.hibernate.util.SessionBuilderTest"/>
</testsuite> <!-- Command line test -->
