<?xml version="1.0" encoding="UTF-8"?>
<!-- Generated by org.testng.reporters.JUnitXMLReporter -->
<testsuite hostname="41786VU" name="Command line test" tests="4" failures="0" timestamp="8 Mar 2016 19:45:58 GMT" time="0.809" errors="0">
  <testcase name="saveMessage" time="0.079" classname="chapter02.hibernate.PersistenceTest"/>
  <testcase name="saveMessage" time="0.165" classname="chapter02.jdbc.PersistenceTest"/>
  <testcase name="readMessage" time="0.288" classname="chapter02.hibernate.PersistenceTest"/>
  <testcase name="readMessage" time="0.267" classname="chapter02.jdbc.PersistenceTest"/>
</testsuite> <!-- Command line test -->
