<?xml version="1.0" encoding="UTF-8"?>
<testng-results skipped="0" failed="0" total="4" passed="4">
  <reporter-output>
  </reporter-output>
  <suite name="Command line suite" duration-ms="2230" started-at="2016-03-08T19:45:51Z" finished-at="2016-03-08T19:45:53Z">
    <groups>
    </groups>
    <test name="Command line test" duration-ms="2230" started-at="2016-03-08T19:45:51Z" finished-at="2016-03-08T19:45:53Z">
      <class name="chapter01.hibernate.PersistenceTest">
        <test-method status="PASS" signature="setup()[pri:0, instance:chapter01.hibernate.PersistenceTest@6fadae5d]" name="setup" is-config="true" duration-ms="1874" started-at="2016-03-08T14:45:51Z" finished-at="2016-03-08T14:45:53Z">
          <reporter-output>
          </reporter-output>
        </test-method> <!-- setup -->
        <test-method status="PASS" signature="saveMessage()[pri:0, instance:chapter01.hibernate.PersistenceTest@6fadae5d]" name="saveMessage" duration-ms="116" started-at="2016-03-08T14:45:53Z" finished-at="2016-03-08T14:45:53Z">
          <reporter-output>
          </reporter-output>
        </test-method> <!-- saveMessage -->
        <test-method status="PASS" signature="readMessage()[pri:0, instance:chapter01.hibernate.PersistenceTest@6fadae5d]" name="readMessage" duration-ms="197" started-at="2016-03-08T14:45:53Z" depends-on-methods="chapter01.hibernate.PersistenceTest.saveMessage" finished-at="2016-03-08T14:45:53Z">
          <reporter-output>
          </reporter-output>
        </test-method> <!-- readMessage -->
      </class> <!-- chapter01.hibernate.PersistenceTest -->
      <class name="chapter01.jdbc.PersistenceTest">
        <test-method status="PASS" signature="setup()[pri:0, instance:chapter01.jdbc.PersistenceTest@566776ad]" name="setup" is-config="true" duration-ms="791" started-at="2016-03-08T14:45:50Z" finished-at="2016-03-08T14:45:51Z">
          <reporter-output>
          </reporter-output>
        </test-method> <!-- setup -->
        <test-method status="PASS" signature="saveMessage()[pri:0, instance:chapter01.jdbc.PersistenceTest@566776ad]" name="saveMessage" duration-ms="2" started-at="2016-03-08T14:45:53Z" finished-at="2016-03-08T14:45:53Z">
          <reporter-output>
          </reporter-output>
        </test-method> <!-- saveMessage -->
        <test-method status="PASS" signature="readMessage()[pri:0, instance:chapter01.jdbc.PersistenceTest@566776ad]" name="readMessage" duration-ms="21" started-at="2016-03-08T14:45:53Z" depends-on-methods="chapter01.jdbc.PersistenceTest.saveMessage" finished-at="2016-03-08T14:45:53Z">
          <reporter-output>
          </reporter-output>
        </test-method> <!-- readMessage -->
      </class> <!-- chapter01.jdbc.PersistenceTest -->
    </test> <!-- Command line test -->
  </suite> <!-- Command line suite -->
</testng-results>
