<?xml version="1.0" encoding="UTF-8"?>
<!-- Generated by org.testng.reporters.JUnitXMLReporter -->
<testsuite hostname="41786VU" name="Command line test" tests="18" failures="0" timestamp="8 Mar 2016 19:46:22 GMT" time="4.217" errors="0">
  <testcase name="testBrokenInversionCode" time="3.84" classname="chapter04.broken.BrokenInversionTest"/>
  <testcase name="testImpliedRelationship" time="0.007" classname="chapter04.broken.BrokenInversionTest"/>
  <testcase name="testProperSimpleInversionCode" time="0.007" classname="chapter04.broken.BrokenInversionTest"/>
  <testcase name="testAutoIdentity" time="0.01" classname="chapter04.id.IdentityTest"/>
  <testcase name="testIdentityIdentity" time="0.003" classname="chapter04.id.IdentityTest"/>
  <testcase name="testNongeneratedIdentity" time="0.003" classname="chapter04.id.IdentityTest"/>
  <testcase name="testNongeneratedIdentityFailure" time="0.0" classname="chapter04.id.IdentityTest"/>
  <testcase name="testSequenceIdentity" time="0.002" classname="chapter04.id.IdentityTest"/>
  <testcase name="testTableIdentity" time="0.01" classname="chapter04.id.IdentityTest"/>
  <testcase name="testMerge" time="0.018" classname="chapter04.general.MergeRefreshTest"/>
  <testcase name="testRefresh" time="0.012" classname="chapter04.general.MergeRefreshTest"/>
  <testcase name="orphanRemovalTest" time="0.221" classname="chapter04.orphan.OrphanRemovalTest"/>
  <testcase name="testSaveLoad" time="0.006" classname="chapter04.general.PersistingEntitiesTest"/>
  <testcase name="testSaveOrUpdateEntity" time="0.018" classname="chapter04.general.PersistingEntitiesTest"/>
  <testcase name="testSavingEntitiesTwice" time="0.011" classname="chapter04.general.PersistingEntitiesTest"/>
  <testcase name="testBrokenInversionCode" time="0.01" classname="chapter04.mapped.WorkingInversionTest"/>
  <testcase name="testImpliedRelationship" time="0.008" classname="chapter04.mapped.WorkingInversionTest"/>
  <testcase name="testProperSimpleInversionCode" time="0.012" classname="chapter04.mapped.WorkingInversionTest"/>
</testsuite> <!-- Command line test -->
