<?xml version="1.0" encoding="UTF-8"?>
<!-- Generated by org.testng.reporters.JUnitXMLReporter -->
<testsuite hostname="41786VU" name="Command line test" tests="16" failures="0" timestamp="8 Mar 2016 19:46:15 GMT" time="7.442" errors="0">
  <testcase name="addRanking" time="3.954" classname="chapter03.application.AddRankingTest"/>
  <testcase name="findAllRankings" time="0.148" classname="chapter03.application.FindAllRankingsTest"/>
  <testcase name="findAllRankingsEmptySet" time="0.023" classname="chapter03.application.FindAllRankingsTest"/>
  <testcase name="validateRankingAverage" time="0.193" classname="chapter03.application.FindAverageRankingTest"/>
  <testcase name="findBestForNonexistentSkill" time="0.036" classname="chapter03.application.FindBestRankingTest"/>
  <testcase name="findBestForSkill" time="0.138" classname="chapter03.application.FindBestRankingTest"/>
  <testcase name="testModelCreation" time="0.034" classname="chapter03.simple.ModelTest"/>
  <testcase name="testSavePerson" time="0.003" classname="chapter03.hibernate.PersonTest"/>
  <testcase name="changeRanking" time="0.139" classname="chapter03.hibernate.RankingTest"/>
  <testcase name="removeRanking" time="0.157" classname="chapter03.hibernate.RankingTest"/>
  <testcase name="testRankings" time="0.118" classname="chapter03.hibernate.RankingTest"/>
  <testcase name="testSaveRanking" time="0.022" classname="chapter03.hibernate.RankingTest"/>
  <testcase name="removeNonexistentRanking" time="0.009" classname="chapter03.application.RemoveRankingTest"/>
  <testcase name="removeRanking" time="0.059" classname="chapter03.application.RemoveRankingTest"/>
  <testcase name="updateExistingRanking" time="0.036" classname="chapter03.application.UpdateRankingTest"/>
  <testcase name="updateNonexistentRanking" time="0.017" classname="chapter03.application.UpdateRankingTest"/>
</testsuite> <!-- Command line test -->
