<?xml version="1.0" encoding="UTF-8"?>
<!-- Generated by org.testng.reporters.JUnitXMLReporter -->
<testsuite hostname="41786VU" name="Command line test" tests="4" failures="0" timestamp="8 Mar 2016 19:45:53 GMT" time="2.23" errors="0">
  <testcase name="saveMessage" time="0.116" classname="chapter01.hibernate.PersistenceTest"/>
  <testcase name="saveMessage" time="0.002" classname="chapter01.jdbc.PersistenceTest"/>
  <testcase name="readMessage" time="0.197" classname="chapter01.hibernate.PersistenceTest"/>
  <testcase name="readMessage" time="0.021" classname="chapter01.jdbc.PersistenceTest"/>
</testsuite> <!-- Command line test -->
